#
# A fatal error has been detected by the Java Runtime Environment:
#
#  SIGILL (0x4) at pc=0x000073ee35407062, pid=5370, tid=5371
#
# JRE version: OpenJDK Runtime Environment (17.0.19+10) (build 17.0.19+10-1-22.04.2-Ubuntu)
# Java VM: OpenJDK 64-Bit Server VM (17.0.19+10-1-22.04.2-Ubuntu, mixed mode, sharing, tiered, compressed oops, compressed class ptrs, g1 gc, linux-amd64)
# Problematic frame:
# J 20 c1 java.util.zip.ZipFile$Source.nextEntryPos(III)I java.base@17.0.19 (22 bytes) @ 0x000073ee35407062 [0x000073ee35407040+0x0000000000000022]
#
# Core dump will be written. Default location: /snowprove/core
#
# If you would like to submit a bug report, please visit:
#   https://bugs.launchpad.net/ubuntu/+source/openjdk-17
#

---------------  S U M M A R Y ------------

Command Line: -Djava.library.path=/sqlsolver/lib /sqlsolver/build/libs/sqlsolver-v1.1.0.jar -sql1=/tmp/snowprove-sqlsolver-c1ee0toc/sql1.sql -sql2=/tmp/snowprove-sqlsolver-c1ee0toc/sql2.sql -schema=/tmp/snowprove-sqlsolver-c1ee0toc/schema.sql -print

Host: QEMU TCG CPU version 2.5+, 2 cores, 3G, Ubuntu 22.04.5 LTS
Time: Fri Jun 12 04:30:35 2026 UTC elapsed time: 0.514949 seconds (0d 0h 0m 0s)

---------------  T H R E A D  ---------------

Current thread (0x000073ee4c017c90):  JavaThread "main" [_thread_in_Java, id=5371, stack(0x000073ee50ed5000,0x000073ee50fd5000)]

Stack: [0x000073ee50ed5000,0x000073ee50fd5000],  sp=0x000073ee50fd2238,  free space=1012k
Native frames: (J=compiled Java code, j=interpreted, Vv=VM code, C=native code)
J 20 c1 java.util.zip.ZipFile$Source.nextEntryPos(III)I java.base@17.0.19 (22 bytes) @ 0x000073ee35407062 [0x000073ee35407040+0x0000000000000022]

[error occurred during error reporting (printing native stack), id 0xb, SIGSEGV (0xb) at pc=0x000073ee519dcc8c]


siginfo: si_signo: 4 (SIGILL), si_code: 2 (ILL_ILLOPN), si_addr: 0x000073ee35407062

Registers:
RAX=0x000073eddb27f3e0, RBX=0x000073eddb27f3e0, RCX=0x000000000008ec22, RDX=0x000000000008ebf4
RSP=0x000073ee50fd2238, RBP=0x000073ee50fd22b8, RSI=0x00000000c6b1d898, RDI=0x00000000ffffffff
R8 =0x000000000000003c, R9 =0x000000000008ec23, R10=0x000073ee52689fe0, R11=0x000073ee35407060
R12=0x0000000000000000, R13=0x000073ee50fd2250, R14=0x000073ee50fd2338, R15=0x000073ee4c017c90
RIP=0x000073ee35407062, EFLAGS=0x0000000000010202, CSGSFS=0x002b000000000033, ERR=0x0000000000000000
  TRAPNO=0x0000000000000006

XMM[0]=0x0000000000000000 0x4059000000000000
XMM[1]=0x0000000000000000 0x3ff0000000000000
XMM[2]=0x0000000000000000 0x4000000000000000
XMM[3]=0x0000000000000000 0x41adddee00000000
XMM[4]=0x0000000000000000 0x4059000000000000
XMM[5]=0x0000000000000000 0x4059000000000000
XMM[6]=0x0000000000000000 0x616d2f464e492d41
XMM[7]=0x0000000000000000 0x320000002e9e3453
XMM[8]=0x0000000000000000 0x2f656e696c6a2f65
XMM[9]=0x0000000000000000 0x0000000000000000
XMM[10]=0x0000000000000000 0x0000000000000000
XMM[11]=0x0000000000000000 0xefbe4786e49b69c1
XMM[12]=0x0000000000000000 0x80deb1fe72be5d74
XMM[13]=0x0000000000000000 0x12835b01d807aa98
XMM[14]=0x0000000000000000 0x59f111f13956c25b
XMM[15]=0x0000000000000000 0x71374491428a2f98
  MXCSR=0x00001fa0


Register to memory mapping:

RAX=0x000073eddb27f3e0 is pointing into metadata
RBX=0x000073eddb27f3e0 is pointing into metadata
RCX=0x000000000008ec22 is an unknown value
RDX=0x000000000008ebf4 is an unknown value
RSP=0x000073ee50fd2238 is pointing into the stack for thread: 0x000073ee4c017c90
RBP=0x000073ee50fd22b8 is pointing into the stack for thread: 0x000073ee4c017c90
RSI=0x00000000c6b1d898 is an oop: java.util.zip.ZipFile$Source 
{0x00000000c6b1d898} - klass: 'java/util/zip/ZipFile$Source'
 - ---- fields (total size 10 words):
 - private 'refs' 'I' @12  1
 - private 'locpos' 'J' @16  0 (0 0)
 - private 'manifestPos' 'I' @24  55 (37)
 - private 'manifestNum' 'I' @28  1
 - private 'total' 'I' @32  21926 (55a6)
 - private 'tablelen' 'I' @36  10963 (2ad3)
 - private final 'startsWithLoc' 'Z' @40  false
 - private final 'key' 'Ljava/util/zip/ZipFile$Source$Key;' @44  a 'java/util/zip/ZipFile$Source$Key'{0x00000000c6b1d770} (c6b1d770)
 - private final synchronized 'zc' 'Ljava/util/zip/ZipCoder;' @48  a 'java/util/zip/ZipCoder$UTF8ZipCoder'{0x00000000c6b16b08} (c6b16b08)
 - private 'zfile' 'Ljava/io/RandomAccessFile;' @52  a 'java/io/RandomAccessFile'{0x00000000c6b1d8e8} (c6b1d8e8)
 - private 'cen' '[B' @56  [B{0x00000000c3100000} (c3100000)
 - private 'comment' '[B' @60  NULL (0)
 - private 'signatureMetaNames' '[I' @64  NULL (0)
 - private 'metaVersions' '[I' @68  NULL (0)
 - private 'entries' '[I' @72  [I{0x00000000c6b88658} (c6b88658)
 - private 'table' '[I' @76  [I{0x00000000c6bc8a30} (c6bc8a30)
RDI=0x00000000ffffffff points into unknown readable memory: 00
R8 =0x000000000000003c is an unknown value
R9 =0x000000000008ec23 is an unknown value
R10=0x000073ee52689fe0: <offset 0x0000000001381fe0> in /usr/lib/jvm/java-17-openjdk-amd64/lib/server/libjvm.so at 0x000073ee51308000
R11=0x000073ee35407060 is at entry_point+32 in (nmethod*)0x000073ee35406e90
Compiled method (c1) 556   20       2       java.util.zip.ZipFile$Source::nextEntryPos (22 bytes)
 total in heap  [0x000073ee35406e90,0x000073ee35407308] = 1144
 relocation     [0x000073ee35406ff0,0x000073ee35407028] = 56
 main code      [0x000073ee35407040,0x000073ee354071c0] = 384
 stub code      [0x000073ee354071c0,0x000073ee354071f0] = 48
 metadata       [0x000073ee354071f0,0x000073ee35407210] = 32
 scopes data    [0x000073ee35407210,0x000073ee35407268] = 88
 scopes pcs     [0x000073ee35407268,0x000073ee354072e8] = 128
 dependencies   [0x000073ee354072e8,0x000073ee354072f0] = 8
 nul chk table  [0x000073ee354072f0,0x000073ee35407308] = 24
0x000073ee35407060:   e9 1b 17 58 07 fe ff 55 48 83 ec 70 48 b8 a0 0f
0x000073ee35407070:   01 d7 ed 73 00 00 8b 78 08 83 c7 02 89 78 08 81
0x000073ee35407080:   e7 fe 0f 00 00 83 ff 00 0f 84 8c 00 00 00 8b 46
0x000073ee35407090:   38 48 8b fa 83 c7 20 41 03 c8 3b 78 0c 0f 83 a2
0x000073ee354070a0:   00 00 00 48 63 df 0f be 5c 18 10 ff c7 3b 78 0c
0x000073ee354070b0:   0f 83 9d 00 00 00 48 63 ff 0f be 74 38 10 83 c2
0x000073ee354070c0:   1e 81 e3 ff 00 00 00 81 e6 ff 00 00 00 c1 e6 08
0x000073ee354070d0:   48 0b de 03 cb 3b 50 0c 0f 83 83 00 00 00 48 63
0x000073ee354070e0:   f2 0f be 74 30 10 ff c2 48 63 d2 0f be 44 10 10
0x000073ee354070f0:   81 e6 ff 00 00 00 81 e0 ff 00 00 00 c1 e0 08 48
0x000073ee35407100:   0b f0 03 ce 48 8b c1 48 83 c4 70 5d 
R12=0x0 is NULL
R13=0x000073ee50fd2250 is pointing into the stack for thread: 0x000073ee4c017c90
R14=0x000073ee50fd2338 is pointing into the stack for thread: 0x000073ee4c017c90
R15=0x000073ee4c017c90 is a thread


Top of Stack: (sp=0x000073ee50fd2238)
0x000073ee50fd2238:   000073ee3c941374 000073ee50fd22b8
0x000073ee50fd2248:   000073ee3c941374 000000000000003c
0x000073ee50fd2258:   000000000008ec22 000000000008ebf4
0x000073ee50fd2268:   00000000c6b1d898 000073ee50fd2270
0x000073ee50fd2278:   000073eddb8d564d 000073ee50fd2338
0x000073ee50fd2288:   000073eddb27dae8 0000000000000000
0x000073ee50fd2298:   00000000ffe2d9b0 000073eddb27f0c8
0x000073ee50fd22a8:   000073ee50fd2250 000073ee50fd2330
0x000073ee50fd22b8:   000073ee50fd2388 000073ee3c941260
0x000073ee50fd22c8:   0000000000000000 0000000000000000
0x000073ee50fd22d8:   000000000000003c 000000000022035a
0x000073ee50fd22e8:   000000000008ec22 000000000008ebf4
0x000073ee50fd22f8:   0000000000004149 0000000000000000
0x000073ee50fd2308:   0000000000000000 00000000c6bc8a30
0x000073ee50fd2318:   0000000000002ad3 00000000000100f2
0x000073ee50fd2328:   00000000c3100000 00000000ffffffff
0x000073ee50fd2338:   00000000c6b1d898 000073ee50fd2340
0x000073ee50fd2348:   000073eddb8d490b 000073ee50fd23c0
0x000073ee50fd2358:   000073eddb27dae8 0000000000000000
0x000073ee50fd2368:   00000000ffe2d9b0 000073eddb27eca8
0x000073ee50fd2378:   000073ee50fd2330 000073ee50fd23a8
0x000073ee50fd2388:   000073ee50fd2428 000073ee3c941260
0x000073ee50fd2398:   0000000000000000 0000000000000000
0x000073ee50fd23a8:   00000000c6b16b08 0000000000000000
0x000073ee50fd23b8:   00000000c6b1d770 00000000c6b1d898
0x000073ee50fd23c8:   00000000c6b1d898 0000000000000001
0x000073ee50fd23d8:   0000000000000000 000073ee50fd23d0
0x000073ee50fd23e8:   000073eddb8d4b6e 000073ee50fd2470
0x000073ee50fd23f8:   000073eddb27dae8 0000000000000000
0x000073ee50fd2408:   00000000ffe2d9b0 000073eddb27ed58
0x000073ee50fd2418:   000073ee50fd23a8 000073ee50fd2460
0x000073ee50fd2428:   000073ee50fd24c8 000073ee3c9413b9 

Instructions: (pc=0x000073ee35407062)
0x000073ee35406f62:   00 00 00 00 00 00 40 70 40 35 ee 73 00 00 60 70
0x000073ee35406f72:   40 35 ee 73 00 00 40 70 40 35 ee 73 00 00 30 03
0x000073ee35406f82:   00 00 f7 02 00 00 b0 01 00 00 30 03 00 00 60 03
0x000073ee35406f92:   00 00 60 03 00 00 00 00 00 00 d8 03 00 00 58 04
0x000073ee35406fa2:   00 00 60 04 00 00 60 04 00 00 60 04 00 00 78 04
0x000073ee35406fb2:   00 00 78 04 00 00 78 04 00 00 68 00 00 00 14 00
0x000073ee35406fc2:   00 00 02 00 00 00 00 00 00 02 02 00 00 00 00 00
0x000073ee35406fd2:   00 00 00 00 00 00 00 00 00 00 00 00 00 00 e0 01
0x000073ee35406fe2:   00 00 02 00 00 00 ff ff ff ff ff ff ff ff 14 60
0x000073ee35406ff2:   b8 b0 0e c0 17 64 0a 64 05 64 0e 64 0e 64 0e 64
0x000073ee35407002:   63 f0 05 80 11 64 29 64 17 00 00 64 03 f8 2e 52
0x000073ee35407012:   1a 66 ee 73 05 70 0e 64 01 f8 9e ff 06 90 0c 64
0x000073ee35407022:   00 00 00 00 00 00 00 00 00 00 00 00 00 00 00 00
0x000073ee35407032:   00 00 00 00 00 00 00 00 00 00 00 00 00 00 44 8b
0x000073ee35407042:   56 08 49 bb 00 00 00 db ed 73 00 00 4d 03 d3 4c
0x000073ee35407052:   3b d0 0f 85 26 1d 58 07 66 0f 1f 44 00 00 e9 1b
0x000073ee35407062:   17 58 07 fe ff 55 48 83 ec 70 48 b8 a0 0f 01 d7
0x000073ee35407072:   ed 73 00 00 8b 78 08 83 c7 02 89 78 08 81 e7 fe
0x000073ee35407082:   0f 00 00 83 ff 00 0f 84 8c 00 00 00 8b 46 38 48
0x000073ee35407092:   8b fa 83 c7 20 41 03 c8 3b 78 0c 0f 83 a2 00 00
0x000073ee354070a2:   00 48 63 df 0f be 5c 18 10 ff c7 3b 78 0c 0f 83
0x000073ee354070b2:   9d 00 00 00 48 63 ff 0f be 74 38 10 83 c2 1e 81
0x000073ee354070c2:   e3 ff 00 00 00 81 e6 ff 00 00 00 c1 e6 08 48 0b
0x000073ee354070d2:   de 03 cb 3b 50 0c 0f 83 83 00 00 00 48 63 f2 0f
0x000073ee354070e2:   be 74 30 10 ff c2 48 63 d2 0f be 44 10 10 81 e6
0x000073ee354070f2:   ff 00 00 00 81 e0 ff 00 00 00 c1 e0 08 48 0b f0
0x000073ee35407102:   03 ce 48 8b c1 48 83 c4 70 5d 49 3b a7 40 03 00
0x000073ee35407112:   00 0f 87 56 00 00 00 c3 49 ba e0 f3 27 db ed 73
0x000073ee35407122:   00 00 4c 89 54 24 08 48 c7 04 24 ff ff ff ff e8
0x000073ee35407132:   ca 80 62 07 e9 53 ff ff ff e8 e0 2f 62 07 e8 db
0x000073ee35407142:   2f 62 07 48 89 3c 24 48 89 44 24 08 e8 cd 4c 59
0x000073ee35407152:   07 48 89 3c 24 48 89 44 24 08 e8 bf 4c 59 07 48 


Stack slot to memory mapping:
stack at sp + 0 slots: 0x000073ee3c941374 is at code_begin+1428 in an Interpreter codelet
return entry points  [0x000073ee3c940de0, 0x000073ee3c941940]  2912 bytes
stack at sp + 1 slots: 0x000073ee50fd22b8 is pointing into the stack for thread: 0x000073ee4c017c90
stack at sp + 2 slots: 0x000073ee3c941374 is at code_begin+1428 in an Interpreter codelet
return entry points  [0x000073ee3c940de0, 0x000073ee3c941940]  2912 bytes
stack at sp + 3 slots: 0x000000000000003c is an unknown value
stack at sp + 4 slots: 0x000000000008ec22 is an unknown value
stack at sp + 5 slots: 0x000000000008ebf4 is an unknown value
stack at sp + 6 slots: 0x00000000c6b1d898 is an oop: java.util.zip.ZipFile$Source 
{0x00000000c6b1d898} - klass: 'java/util/zip/ZipFile$Source'
 - ---- fields (total size 10 words):
 - private 'refs' 'I' @12  1
 - private 'locpos' 'J' @16  0 (0 0)
 - private 'manifestPos' 'I' @24  55 (37)
 - private 'manifestNum' 'I' @28  1
 - private 'total' 'I' @32  21926 (55a6)
 - private 'tablelen' 'I' @36  10963 (2ad3)
 - private final 'startsWithLoc' 'Z' @40  false
 - private final 'key' 'Ljava/util/zip/ZipFile$Source$Key;' @44  a 'java/util/zip/ZipFile$Source$Key'{0x00000000c6b1d770} (c6b1d770)
 - private final synchronized 'zc' 'Ljava/util/zip/ZipCoder;' @48  a 'java/util/zip/ZipCoder$UTF8ZipCoder'{0x00000000c6b16b08} (c6b16b08)
 - private 'zfile' 'Ljava/io/RandomAccessFile;' @52  a 'java/io/RandomAccessFile'{0x00000000c6b1d8e8} (c6b1d8e8)
 - private 'cen' '[B' @56  [B{0x00000000c3100000} (c3100000)
 - private 'comment' '[B' @60  NULL (0)
 - private 'signatureMetaNames' '[I' @64  NULL (0)
 - private 'metaVersions' '[I' @68  NULL (0)
 - private 'entries' '[I' @72  [I{0x00000000c6b88658} (c6b88658)
 - private 'table' '[I' @76  [I{0x00000000c6bc8a30} (c6bc8a30)
stack at sp + 7 slots: 0x000073ee50fd2270 is pointing into the stack for thread: 0x000073ee4c017c90


Compiled method (c1) 791   20       2       java.util.zip.ZipFile$Source::nextEntryPos (22 bytes)
 total in heap  [0x000073ee35406e90,0x000073ee35407308] = 1144
 relocation     [0x000073ee35406ff0,0x000073ee35407028] = 56
 main code      [0x000073ee35407040,0x000073ee354071c0] = 384
 stub code      [0x000073ee354071c0,0x000073ee354071f0] = 48
 metadata       [0x000073ee354071f0,0x000073ee35407210] = 32
 scopes data    [0x000073ee35407210,0x000073ee35407268] = 88
 scopes pcs     [0x000073ee35407268,0x000073ee354072e8] = 128
 dependencies   [0x000073ee354072e8,0x000073ee354072f0] = 8
 nul chk table  [0x000073ee354072f0,0x000073ee35407308] = 24

[Constant Pool (empty)]

[MachCode]
[Entry Point]
  # 
[error occurred during error reporting (printing code blobs if possible), id 0xb, SIGSEGV (0xb) at pc=0x000073eddb000630]


---------------  P R O C E S S  ---------------

Threads class SMR info:
_java_thread_list=0x000073ee4c0d4820, length=11, elements={
0x000073ee4c017c90, 0x000073ee4c0bc3b0, 0x000073ee4c0bd790, 0x000073ee4c0c2220,
0x000073ee4c0c35d0, 0x000073ee4c0c49e0, 0x000073ee4c0c6390, 0x000073ee4c0c78c0,
0x000073ee4c0c8d30, 0x000073ee4c0d0400, 0x000073ee4c0d3890
}

Java Threads: ( => current thread )
=>0x000073ee4c017c90 JavaThread "main" [_thread_in_Java, id=5371, stack(0x000073ee50ed5000,0x000073ee50fd5000)]
  0x000073ee4c0bc3b0 JavaThread "Reference Handler" daemon [_thread_blocked, id=5378, stack(0x000073ee30fac000,0x000073ee310ac000)]
  0x000073ee4c0bd790 JavaThread "Finalizer" daemon [_thread_blocked, id=5379, stack(0x000073ee30eac000,0x000073ee30fac000)]
  0x000073ee4c0c2220 JavaThread "Signal Dispatcher" daemon [_thread_blocked, id=5380, stack(0x000073ee30dac000,0x000073ee30eac000)]
  0x000073ee4c0c35d0 JavaThread "Service Thread" daemon [_thread_blocked, id=5381, stack(0x000073ee30cac000,0x000073ee30dac000)]
  0x000073ee4c0c49e0 JavaThread "Monitor Deflation Thread" daemon [_thread_blocked, id=5382, stack(0x000073ee30bac000,0x000073ee30cac000)]
  0x000073ee4c0c6390 JavaThread "C2 CompilerThread0" daemon [_thread_blocked, id=5383, stack(0x000073ee30aac000,0x000073ee30bac000)]
  0x000073ee4c0c78c0 JavaThread "C1 CompilerThread0" daemon [_thread_blocked, id=5384, stack(0x000073ee309ac000,0x000073ee30aac000)]
  0x000073ee4c0c8d30 JavaThread "Sweeper thread" daemon [_thread_blocked, id=5385, stack(0x000073ee308ac000,0x000073ee309ac000)]
  0x000073ee4c0d0400 JavaThread "Notification Thread" daemon [_thread_blocked, id=5386, stack(0x000073ee307ac000,0x000073ee308ac000)]
  0x000073ee4c0d3890 JavaThread "Common-Cleaner" daemon [_thread_blocked, id=5388, stack(0x000073ee305ab000,0x000073ee306ab000)]

Other Threads:
  0x000073ee4c0b83e0 VMThread "VM Thread" [stack: 0x000073ee310ad000,0x000073ee311ad000] [id=5377]
  0x000073ee4c0d1d40 WatcherThread [stack: 0x000073ee306ac000,0x000073ee307ac000] [id=5387]
  0x000073ee4c0537f0 GCTaskThread "GC Thread#0" [stack: 0x000073ee503dc000,0x000073ee504dc000] [id=5372]
  0x000073ee4c05c810 ConcurrentGCThread "G1 Main Marker" [stack: 0x000073ee502db000,0x000073ee503db000] [id=5373]
  0x000073ee4c05d780 ConcurrentGCThread "G1 Conc#0" [stack: 0x000073ee501da000,0x000073ee502da000] [id=5374]
  0x000073ee4c090270 ConcurrentGCThread "G1 Refine#0" [stack: 0x000073ee33470000,0x000073ee33570000] [id=5375]
  0x000073ee4c091170 ConcurrentGCThread "G1 Service" [stack: 0x000073ee31300000,0x000073ee31400000] [id=5376]

Threads with active compile tasks:

VM state: not at safepoint (normal execution)

VM Mutex/Monitor currently owned by a thread: None

Heap address: 0x00000000c2e00000, size: 978 MB, Compressed Oops mode: 32-bit

CDS archive(s) mapped at: [0x000073eddb000000-0x000073eddbbc7000-0x000073eddbbc7000), size 12349440, SharedBaseAddress: 0x000073eddb000000, ArchiveRelocationMode: 1.
Compressed class space mapped at: 0x000073eddc000000-0x000073ee1c000000, reserved size: 1073741824
Narrow klass base: 0x000073eddb000000, Narrow klass shift: 0, Narrow klass range: 0x100000000

GC Precious Log:
 CPUs: 2 total, 2 available
 Memory: 3910M
 Large Page Support: Disabled
 NUMA Support: Disabled
 Compressed Oops: Enabled (32-bit)
 Heap Region Size: 1M
 Heap Min Capacity: 8M
 Heap Initial Capacity: 62M
 Heap Max Capacity: 978M
 Pre-touch: Disabled
 Parallel Workers: 2
 Concurrent Workers: 1
 Concurrent Refinement Workers: 2
 Periodic GC: Disabled

Heap:
 garbage-first heap   total 65536K, used 7092K [0x00000000c2e00000, 0x0000000100000000)
  region size 1024K, 1 young (1024K), 0 survivors (0K)
 Metaspace       used 111K, committed 192K, reserved 1114112K
  class space    used 6K, committed 64K, reserved 1048576K

Heap Regions: E=young(eden), S=young(survivor), O=old, HS=humongous(starts), HC=humongous(continues), CS=collection set, F=free, OA=open archive, CA=closed archive, TAMS=top-at-mark-start (previous, next)
|   0|0x00000000c2e00000, 0x00000000c2f00000, 0x00000000c2f00000|100%|HS|  |TAMS 0x00000000c2e00000, 0x00000000c2e00000| Complete 
|   1|0x00000000c2f00000, 0x00000000c3000000, 0x00000000c3000000|100%|HC|  |TAMS 0x00000000c2f00000, 0x00000000c2f00000| Complete 
|   2|0x00000000c3000000, 0x00000000c3100000, 0x00000000c3100000|100%|HC|  |TAMS 0x00000000c3000000, 0x00000000c3000000| Complete 
|   3|0x00000000c3100000, 0x00000000c3200000, 0x00000000c3200000|100%|HS|  |TAMS 0x00000000c3100000, 0x00000000c3100000| Complete 
|   4|0x00000000c3200000, 0x00000000c3300000, 0x00000000c3300000|100%|HC|  |TAMS 0x00000000c3200000, 0x00000000c3200000| Complete 
|   5|0x00000000c3300000, 0x00000000c3400000, 0x00000000c3400000|100%|HC|  |TAMS 0x00000000c3300000, 0x00000000c3300000| Complete 
|   6|0x00000000c3400000, 0x00000000c3400000, 0x00000000c3500000|  0%| F|  |TAMS 0x00000000c3400000, 0x00000000c3400000| Untracked 
|   7|0x00000000c3500000, 0x00000000c3500000, 0x00000000c3600000|  0%| F|  |TAMS 0x00000000c3500000, 0x00000000c3500000| Untracked 
|   8|0x00000000c3600000, 0x00000000c3600000, 0x00000000c3700000|  0%| F|  |TAMS 0x00000000c3600000, 0x00000000c3600000| Untracked 
|   9|0x00000000c3700000, 0x00000000c3700000, 0x00000000c3800000|  0%| F|  |TAMS 0x00000000c3700000, 0x00000000c3700000| Untracked 
|  10|0x00000000c3800000, 0x00000000c3800000, 0x00000000c3900000|  0%| F|  |TAMS 0x00000000c3800000, 0x00000000c3800000| Untracked 
|  11|0x00000000c3900000, 0x00000000c3900000, 0x00000000c3a00000|  0%| F|  |TAMS 0x00000000c3900000, 0x00000000c3900000| Untracked 
|  12|0x00000000c3a00000, 0x00000000c3a00000, 0x00000000c3b00000|  0%| F|  |TAMS 0x00000000c3a00000, 0x00000000c3a00000| Untracked 
|  13|0x00000000c3b00000, 0x00000000c3b00000, 0x00000000c3c00000|  0%| F|  |TAMS 0x00000000c3b00000, 0x00000000c3b00000| Untracked 
|  14|0x00000000c3c00000, 0x00000000c3c00000, 0x00000000c3d00000|  0%| F|  |TAMS 0x00000000c3c00000, 0x00000000c3c00000| Untracked 
|  15|0x00000000c3d00000, 0x00000000c3d00000, 0x00000000c3e00000|  0%| F|  |TAMS 0x00000000c3d00000, 0x00000000c3d00000| Untracked 
|  16|0x00000000c3e00000, 0x00000000c3e00000, 0x00000000c3f00000|  0%| F|  |TAMS 0x00000000c3e00000, 0x00000000c3e00000| Untracked 
|  17|0x00000000c3f00000, 0x00000000c3f00000, 0x00000000c4000000|  0%| F|  |TAMS 0x00000000c3f00000, 0x00000000c3f00000| Untracked 
|  18|0x00000000c4000000, 0x00000000c4000000, 0x00000000c4100000|  0%| F|  |TAMS 0x00000000c4000000, 0x00000000c4000000| Untracked 
|  19|0x00000000c4100000, 0x00000000c4100000, 0x00000000c4200000|  0%| F|  |TAMS 0x00000000c4100000, 0x00000000c4100000| Untracked 
|  20|0x00000000c4200000, 0x00000000c4200000, 0x00000000c4300000|  0%| F|  |TAMS 0x00000000c4200000, 0x00000000c4200000| Untracked 
|  21|0x00000000c4300000, 0x00000000c4300000, 0x00000000c4400000|  0%| F|  |TAMS 0x00000000c4300000, 0x00000000c4300000| Untracked 
|  22|0x00000000c4400000, 0x00000000c4400000, 0x00000000c4500000|  0%| F|  |TAMS 0x00000000c4400000, 0x00000000c4400000| Untracked 
|  23|0x00000000c4500000, 0x00000000c4500000, 0x00000000c4600000|  0%| F|  |TAMS 0x00000000c4500000, 0x00000000c4500000| Untracked 
|  24|0x00000000c4600000, 0x00000000c4600000, 0x00000000c4700000|  0%| F|  |TAMS 0x00000000c4600000, 0x00000000c4600000| Untracked 
|  25|0x00000000c4700000, 0x00000000c4700000, 0x00000000c4800000|  0%| F|  |TAMS 0x00000000c4700000, 0x00000000c4700000| Untracked 
|  26|0x00000000c4800000, 0x00000000c4800000, 0x00000000c4900000|  0%| F|  |TAMS 0x00000000c4800000, 0x00000000c4800000| Untracked 
|  27|0x00000000c4900000, 0x00000000c4900000, 0x00000000c4a00000|  0%| F|  |TAMS 0x00000000c4900000, 0x00000000c4900000| Untracked 
|  28|0x00000000c4a00000, 0x00000000c4a00000, 0x00000000c4b00000|  0%| F|  |TAMS 0x00000000c4a00000, 0x00000000c4a00000| Untracked 
|  29|0x00000000c4b00000, 0x00000000c4b00000, 0x00000000c4c00000|  0%| F|  |TAMS 0x00000000c4b00000, 0x00000000c4b00000| Untracked 
|  30|0x00000000c4c00000, 0x00000000c4c00000, 0x00000000c4d00000|  0%| F|  |TAMS 0x00000000c4c00000, 0x00000000c4c00000| Untracked 
|  31|0x00000000c4d00000, 0x00000000c4d00000, 0x00000000c4e00000|  0%| F|  |TAMS 0x00000000c4d00000, 0x00000000c4d00000| Untracked 
|  32|0x00000000c4e00000, 0x00000000c4e00000, 0x00000000c4f00000|  0%| F|  |TAMS 0x00000000c4e00000, 0x00000000c4e00000| Untracked 
|  33|0x00000000c4f00000, 0x00000000c4f00000, 0x00000000c5000000|  0%| F|  |TAMS 0x00000000c4f00000, 0x00000000c4f00000| Untracked 
|  34|0x00000000c5000000, 0x00000000c5000000, 0x00000000c5100000|  0%| F|  |TAMS 0x00000000c5000000, 0x00000000c5000000| Untracked 
|  35|0x00000000c5100000, 0x00000000c5100000, 0x00000000c5200000|  0%| F|  |TAMS 0x00000000c5100000, 0x00000000c5100000| Untracked 
|  36|0x00000000c5200000, 0x00000000c5200000, 0x00000000c5300000|  0%| F|  |TAMS 0x00000000c5200000, 0x00000000c5200000| Untracked 
|  37|0x00000000c5300000, 0x00000000c5300000, 0x00000000c5400000|  0%| F|  |TAMS 0x00000000c5300000, 0x00000000c5300000| Untracked 
|  38|0x00000000c5400000, 0x00000000c5400000, 0x00000000c5500000|  0%| F|  |TAMS 0x00000000c5400000, 0x00000000c5400000| Untracked 
|  39|0x00000000c5500000, 0x00000000c5500000, 0x00000000c5600000|  0%| F|  |TAMS 0x00000000c5500000, 0x00000000c5500000| Untracked 
|  40|0x00000000c5600000, 0x00000000c5600000, 0x00000000c5700000|  0%| F|  |TAMS 0x00000000c5600000, 0x00000000c5600000| Untracked 
|  41|0x00000000c5700000, 0x00000000c5700000, 0x00000000c5800000|  0%| F|  |TAMS 0x00000000c5700000, 0x00000000c5700000| Untracked 
|  42|0x00000000c5800000, 0x00000000c5800000, 0x00000000c5900000|  0%| F|  |TAMS 0x00000000c5800000, 0x00000000c5800000| Untracked 
|  43|0x00000000c5900000, 0x00000000c5900000, 0x00000000c5a00000|  0%| F|  |TAMS 0x00000000c5900000, 0x00000000c5900000| Untracked 
|  44|0x00000000c5a00000, 0x00000000c5a00000, 0x00000000c5b00000|  0%| F|  |TAMS 0x00000000c5a00000, 0x00000000c5a00000| Untracked 
|  45|0x00000000c5b00000, 0x00000000c5b00000, 0x00000000c5c00000|  0%| F|  |TAMS 0x00000000c5b00000, 0x00000000c5b00000| Untracked 
|  46|0x00000000c5c00000, 0x00000000c5c00000, 0x00000000c5d00000|  0%| F|  |TAMS 0x00000000c5c00000, 0x00000000c5c00000| Untracked 
|  47|0x00000000c5d00000, 0x00000000c5d00000, 0x00000000c5e00000|  0%| F|  |TAMS 0x00000000c5d00000, 0x00000000c5d00000| Untracked 
|  48|0x00000000c5e00000, 0x00000000c5e00000, 0x00000000c5f00000|  0%| F|  |TAMS 0x00000000c5e00000, 0x00000000c5e00000| Untracked 
|  49|0x00000000c5f00000, 0x00000000c5f00000, 0x00000000c6000000|  0%| F|  |TAMS 0x00000000c5f00000, 0x00000000c5f00000| Untracked 
|  50|0x00000000c6000000, 0x00000000c6000000, 0x00000000c6100000|  0%| F|  |TAMS 0x00000000c6000000, 0x00000000c6000000| Untracked 
|  51|0x00000000c6100000, 0x00000000c6100000, 0x00000000c6200000|  0%| F|  |TAMS 0x00000000c6100000, 0x00000000c6100000| Untracked 
|  52|0x00000000c6200000, 0x00000000c6200000, 0x00000000c6300000|  0%| F|  |TAMS 0x00000000c6200000, 0x00000000c6200000| Untracked 
|  53|0x00000000c6300000, 0x00000000c6300000, 0x00000000c6400000|  0%| F|  |TAMS 0x00000000c6300000, 0x00000000c6300000| Untracked 
|  54|0x00000000c6400000, 0x00000000c6400000, 0x00000000c6500000|  0%| F|  |TAMS 0x00000000c6400000, 0x00000000c6400000| Untracked 
|  55|0x00000000c6500000, 0x00000000c6500000, 0x00000000c6600000|  0%| F|  |TAMS 0x00000000c6500000, 0x00000000c6500000| Untracked 
|  56|0x00000000c6600000, 0x00000000c6600000, 0x00000000c6700000|  0%| F|  |TAMS 0x00000000c6600000, 0x00000000c6600000| Untracked 
|  57|0x00000000c6700000, 0x00000000c6700000, 0x00000000c6800000|  0%| F|  |TAMS 0x00000000c6700000, 0x00000000c6700000| Untracked 
|  58|0x00000000c6800000, 0x00000000c6800000, 0x00000000c6900000|  0%| F|  |TAMS 0x00000000c6800000, 0x00000000c6800000| Untracked 
|  59|0x00000000c6900000, 0x00000000c6900000, 0x00000000c6a00000|  0%| F|  |TAMS 0x00000000c6900000, 0x00000000c6900000| Untracked 
|  60|0x00000000c6a00000, 0x00000000c6a00000, 0x00000000c6b00000|  0%| F|  |TAMS 0x00000000c6a00000, 0x00000000c6a00000| Untracked 
|  61|0x00000000c6b00000, 0x00000000c6bd3590, 0x00000000c6c00000| 82%| E|  |TAMS 0x00000000c6b00000, 0x00000000c6b00000| Complete 
| 976|0x00000000ffe00000, 0x00000000ffe75000, 0x00000000fff00000| 45%|OA|  |TAMS 0x00000000ffe00000, 0x00000000ffe00000| Untracked 
| 977|0x00000000fff00000, 0x00000000fff78000, 0x0000000100000000| 46%|CA|  |TAMS 0x00000000fff00000, 0x00000000fff00000| Untracked 

Card table byte_map: [0x000073ee506e6000,0x000073ee508cf000] _byte_map_base: 0x000073ee500cf000

Marking Bits (Prev, Next): (CMBitMap*) 0x000073ee4c054280, (CMBitMap*) 0x000073ee4c0542c0
 Prev Bits: [0x000073ee344b8000, 0x000073ee35400000)
 Next Bits: [0x000073ee33570000, 0x000073ee344b8000)

Polling page: 0x000073ee528f3000

Metaspace:

Usage:
  Non-class:    105.23 KB used.
      Class:      6.02 KB used.
       Both:    111.24 KB used.

Virtual space:
  Non-class space:       64.00 MB reserved,     128.00 KB ( <1%) committed,  1 nodes.
      Class space:        1.00 GB reserved,      64.00 KB ( <1%) committed,  1 nodes.
             Both:        1.06 GB reserved,     192.00 KB ( <1%) committed. 

Chunk freelists:
   Non-Class:  12.00 MB
       Class:  15.75 MB
        Both:  27.75 MB

MaxMetaspaceSize: unlimited
CompressedClassSpaceSize: 1.00 GB
Initial GC threshold: 21.00 MB
Current GC threshold: 21.00 MB
CDS: on
MetaspaceReclaimPolicy: balanced
 - commit_granule_bytes: 65536.
 - commit_granule_words: 8192.
 - virtual_space_node_default_size: 8388608.
 - enlarge_chunks_in_place: 1.
 - new_chunks_are_fully_committed: 0.
 - uncommit_free_chunks: 1.
 - use_allocation_guard: 0.
 - handle_deallocations: 1.


Internal statistics:

num_allocs_failed_limit: 0.
num_arena_births: 2.
num_arena_deaths: 0.
num_vsnodes_births: 2.
num_vsnodes_deaths: 0.
num_space_committed: 3.
num_space_uncommitted: 0.
num_chunks_returned_to_freelist: 0.
num_chunks_taken_from_freelist: 3.
num_chunk_merges: 0.
num_chunk_splits: 2.
num_chunks_enlarged: 0.
num_inconsistent_stats: 0.

CodeHeap 'non-profiled nmethods': size=120036Kb used=14Kb max_used=14Kb free=120021Kb
 bounds [0x000073ee3cec7000, 0x000073ee3d137000, 0x000073ee44400000]
CodeHeap 'profiled nmethods': size=120032Kb used=34Kb max_used=34Kb free=119997Kb
 bounds [0x000073ee35400000, 0x000073ee35670000, 0x000073ee3c938000]
CodeHeap 'non-nmethods': size=5692Kb used=1042Kb max_used=1057Kb free=4649Kb
 bounds [0x000073ee3c938000, 0x000073ee3cba8000, 0x000073ee3cec7000]
 total_blobs=338 nmethods=32 adapters=222
 compilation: enabled
              stopped_count=0, restarted_count=0
 full_count=0

Compilation events (20 events):
Event: 0.399 Thread 0x000073ee4c0c6390   23       4       java.util.zip.ZipUtils::CENEXT (9 bytes)
Event: 0.403 Thread 0x000073ee4c0c6390 nmethod 23 0x000073ee3cec8490 code [0x000073ee3cec8620, 0x000073ee3cec86d8]
Event: 0.403 Thread 0x000073ee4c0c6390   27       4       java.util.zip.ZipCoder$UTF8ZipCoder::checkedHash (91 bytes)
Event: 0.419 Thread 0x000073ee4c0c6390 nmethod 27 0x000073ee3cec8810 code [0x000073ee3cec89a0, 0x000073ee3cec8c18]
Event: 0.419 Thread 0x000073ee4c0c6390   24   !   4       java.util.zip.ZipFile$Source::checkAndAddEntry (262 bytes)
Event: 0.433 Thread 0x000073ee4c0c78c0   29       3       java.lang.String::coder (15 bytes)
Event: 0.434 Thread 0x000073ee4c0c78c0 nmethod 29 0x000073ee35407790 code [0x000073ee35407920, 0x000073ee35407a50]
Event: 0.436 Thread 0x000073ee4c0c78c0   30       3       java.lang.String::hashCode (60 bytes)
Event: 0.442 Thread 0x000073ee4c0c78c0 nmethod 30 0x000073ee35407b10 code [0x000073ee35407ce0, 0x000073ee35408010]
Event: 0.442 Thread 0x000073ee4c0c78c0   31       3       java.util.concurrent.ConcurrentHashMap::tabAt (22 bytes)
Event: 0.443 Thread 0x000073ee4c0c78c0 nmethod 31 0x000073ee35408110 code [0x000073ee354082c0, 0x000073ee354085b0]
Event: 0.443 Thread 0x000073ee4c0c78c0   32       3       jdk.internal.misc.Unsafe::getReferenceAcquire (7 bytes)
Event: 0.446 Thread 0x000073ee4c0c78c0 nmethod 32 0x000073ee35408690 code [0x000073ee35408820, 0x000073ee35408970]
Event: 0.477 Thread 0x000073ee4c0c6390 nmethod 24 0x000073ee3cec8d90 code [0x000073ee3cec8f40, 0x000073ee3cec9678]
Event: 0.477 Thread 0x000073ee4c0c6390   28       4       java.util.zip.ZipFile$Source::isMetaName (141 bytes)
Event: 0.487 Thread 0x000073ee4c0c6390 nmethod 28 0x000073ee3cec9c90 code [0x000073ee3cec9e20, 0x000073ee3ceca038]
Event: 0.487 Thread 0x000073ee4c0c6390   25       4       java.util.zip.ZipFile$Source::zipCoderForPos (39 bytes)
Event: 0.490 Thread 0x000073ee4c0c6390 nmethod 25 0x000073ee3ceca210 code [0x000073ee3ceca3a0, 0x000073ee3ceca458]
Event: 0.490 Thread 0x000073ee4c0c6390   26       4       java.util.zip.ZipFile$Source::nextEntryPos (22 bytes)
Event: 0.497 Thread 0x000073ee4c0c6390 nmethod 26 0x000073ee3ceca510 code [0x000073ee3ceca6a0, 0x000073ee3ceca7d8]

GC Heap History (0 events):
No events

Dll operation events (4 events):
Event: 0.012 Loaded shared library /usr/lib/jvm/java-17-openjdk-amd64/lib/libjava.so
Event: 0.223 Loaded shared library /usr/lib/jvm/java-17-openjdk-amd64/lib/libjsvml.so
Event: 0.298 Loaded shared library /usr/lib/jvm/java-17-openjdk-amd64/lib/libnio.so
Event: 0.435 Loaded shared library /usr/lib/jvm/java-17-openjdk-amd64/lib/libzip.so

Deoptimization events (20 events):
Event: 0.416 Thread 0x000073ee4c017c90 DEOPT PACKING pc=0x000073ee35401a6c sp=0x000073ee50fd30f0
Event: 0.416 Thread 0x000073ee4c017c90 DEOPT UNPACKING pc=0x000073ee3c98ee2f sp=0x000073ee50fd25a0 mode 0
Event: 0.416 Thread 0x000073ee4c017c90 DEOPT PACKING pc=0x000073ee35401a6c sp=0x000073ee50fd30f0
Event: 0.416 Thread 0x000073ee4c017c90 DEOPT UNPACKING pc=0x000073ee3c98ee2f sp=0x000073ee50fd25a0 mode 0
Event: 0.416 Thread 0x000073ee4c017c90 DEOPT PACKING pc=0x000073ee35401a6c sp=0x000073ee50fd30f0
Event: 0.416 Thread 0x000073ee4c017c90 DEOPT UNPACKING pc=0x000073ee3c98ee2f sp=0x000073ee50fd25a0 mode 0
Event: 0.417 Thread 0x000073ee4c017c90 DEOPT PACKING pc=0x000073ee35401a6c sp=0x000073ee50fd30f0
Event: 0.417 Thread 0x000073ee4c017c90 DEOPT UNPACKING pc=0x000073ee3c98ee2f sp=0x000073ee50fd25a0 mode 0
Event: 0.417 Thread 0x000073ee4c017c90 DEOPT PACKING pc=0x000073ee35401a6c sp=0x000073ee50fd30f0
Event: 0.417 Thread 0x000073ee4c017c90 DEOPT UNPACKING pc=0x000073ee3c98ee2f sp=0x000073ee50fd25a0 mode 0
Event: 0.417 Thread 0x000073ee4c017c90 DEOPT PACKING pc=0x000073ee35401a6c sp=0x000073ee50fd30f0
Event: 0.417 Thread 0x000073ee4c017c90 DEOPT UNPACKING pc=0x000073ee3c98ee2f sp=0x000073ee50fd25a0 mode 0
Event: 0.418 Thread 0x000073ee4c017c90 DEOPT PACKING pc=0x000073ee35401a6c sp=0x000073ee50fd30f0
Event: 0.418 Thread 0x000073ee4c017c90 DEOPT UNPACKING pc=0x000073ee3c98ee2f sp=0x000073ee50fd25a0 mode 0
Event: 0.418 Thread 0x000073ee4c017c90 DEOPT PACKING pc=0x000073ee35401a6c sp=0x000073ee50fd30f0
Event: 0.418 Thread 0x000073ee4c017c90 DEOPT UNPACKING pc=0x000073ee3c98ee2f sp=0x000073ee50fd25a0 mode 0
Event: 0.418 Thread 0x000073ee4c017c90 DEOPT PACKING pc=0x000073ee35401a6c sp=0x000073ee50fd30f0
Event: 0.419 Thread 0x000073ee4c017c90 DEOPT UNPACKING pc=0x000073ee3c98ee2f sp=0x000073ee50fd25a0 mode 0
Event: 0.419 Thread 0x000073ee4c017c90 DEOPT PACKING pc=0x000073ee35401a6c sp=0x000073ee50fd30f0
Event: 0.419 Thread 0x000073ee4c017c90 DEOPT UNPACKING pc=0x000073ee3c98ee2f sp=0x000073ee50fd25a0 mode 0

Classes loaded (4 events):
Event: 0.253 Loading class sun/nio/cs/UTF_8$Encoder
Event: 0.254 Loading class sun/nio/cs/UTF_8$Encoder done
Event: 0.287 Loading class jdk/internal/vm/PostVMInitHook
Event: 0.287 Loading class jdk/internal/vm/PostVMInitHook done

Classes unloaded (0 events):
No events

Classes redefined (0 events):
No events

Internal exceptions (0 events):
No events

VM Operations (0 events):
No events

Memory protections (11 events):
Event: 0.010 Protecting memory [0x000073ee50ed5000,0x000073ee50ed9000] with protection modes 0
Event: 0.243 Protecting memory [0x000073ee30fac000,0x000073ee30fb0000] with protection modes 0
Event: 0.244 Protecting memory [0x000073ee30eac000,0x000073ee30eb0000] with protection modes 0
Event: 0.259 Protecting memory [0x000073ee30dac000,0x000073ee30db0000] with protection modes 0
Event: 0.260 Protecting memory [0x000073ee30cac000,0x000073ee30cb0000] with protection modes 0
Event: 0.261 Protecting memory [0x000073ee30bac000,0x000073ee30bb0000] with protection modes 0
Event: 0.262 Protecting memory [0x000073ee30aac000,0x000073ee30ab0000] with protection modes 0
Event: 0.263 Protecting memory [0x000073ee309ac000,0x000073ee309b0000] with protection modes 0
Event: 0.264 Protecting memory [0x000073ee308ac000,0x000073ee308b0000] with protection modes 0
Event: 0.287 Protecting memory [0x000073ee307ac000,0x000073ee307b0000] with protection modes 0
Event: 0.291 Protecting memory [0x000073ee305ab000,0x000073ee305af000] with protection modes 0

Nmethod flushes (0 events):
No events

Events (11 events):
Event: 0.224 Thread 0x000073ee4c017c90 Thread added: 0x000073ee4c017c90
Event: 0.243 Thread 0x000073ee4c017c90 Thread added: 0x000073ee4c0bc3b0
Event: 0.244 Thread 0x000073ee4c017c90 Thread added: 0x000073ee4c0bd790
Event: 0.259 Thread 0x000073ee4c017c90 Thread added: 0x000073ee4c0c2220
Event: 0.260 Thread 0x000073ee4c017c90 Thread added: 0x000073ee4c0c35d0
Event: 0.261 Thread 0x000073ee4c017c90 Thread added: 0x000073ee4c0c49e0
Event: 0.262 Thread 0x000073ee4c017c90 Thread added: 0x000073ee4c0c6390
Event: 0.263 Thread 0x000073ee4c017c90 Thread added: 0x000073ee4c0c78c0
Event: 0.263 Thread 0x000073ee4c017c90 Thread added: 0x000073ee4c0c8d30
Event: 0.286 Thread 0x000073ee4c017c90 Thread added: 0x000073ee4c0d0400
Event: 0.291 Thread 0x000073ee4c017c90 Thread added: 0x000073ee4c0d3890


Dynamic libraries:
c2e00000-c6c00000 rw-p 00000000 00:00 0 
c6c00000-ffe00000 ---p 00000000 00:00 0 
ffe00000-ffe75000 rw-p 00c77000 00:29 3954208                            /usr/lib/jvm/java-17-openjdk-amd64/lib/server/classes.jsa
ffe75000-fff00000 rw-p 00000000 00:00 0 
fff00000-fff78000 rw-p 00bff000 00:29 3954208                            /usr/lib/jvm/java-17-openjdk-amd64/lib/server/classes.jsa
fff78000-100000000 rw-p 00000000 00:00 0 
63a1f24d3000-63a1f24d4000 r--p 00000000 00:29 3953850                    /usr/lib/jvm/java-17-openjdk-amd64/bin/java
63a1f24d4000-63a1f24d5000 r-xp 00001000 00:29 3953850                    /usr/lib/jvm/java-17-openjdk-amd64/bin/java
63a1f24d5000-63a1f24d6000 r--p 00002000 00:29 3953850                    /usr/lib/jvm/java-17-openjdk-amd64/bin/java
63a1f24d6000-63a1f24d7000 r--p 00002000 00:29 3953850                    /usr/lib/jvm/java-17-openjdk-amd64/bin/java
63a1f24d7000-63a1f24d8000 rw-p 00003000 00:29 3953850                    /usr/lib/jvm/java-17-openjdk-amd64/bin/java
63a22fb1b000-63a22fb62000 rw-p 00000000 00:00 0                          [heap]
73edb0000000-73edb009d000 rw-p 00000000 00:00 0 
73edb009d000-73edb4000000 ---p 00000000 00:00 0 
73edb4000000-73edb4021000 rw-p 00000000 00:00 0 
73edb4021000-73edb8000000 ---p 00000000 00:00 0 
73edb8000000-73edb8021000 rw-p 00000000 00:00 0 
73edb8021000-73edbc000000 ---p 00000000 00:00 0 
73edbc000000-73edbc0d5000 rw-p 00000000 00:00 0 
73edbc0d5000-73edc0000000 ---p 00000000 00:00 0 
73edc0000000-73edc0021000 rw-p 00000000 00:00 0 
73edc0021000-73edc4000000 ---p 00000000 00:00 0 
73edc4000000-73edc4021000 rw-p 00000000 00:00 0 
73edc4021000-73edc8000000 ---p 00000000 00:00 0 
73edc8000000-73edc8021000 rw-p 00000000 00:00 0 
73edc8021000-73edcc000000 ---p 00000000 00:00 0 
73edcc000000-73edcc021000 rw-p 00000000 00:00 0 
73edcc021000-73edd0000000 ---p 00000000 00:00 0 
73edd0000000-73edd0021000 rw-p 00000000 00:00 0 
73edd0021000-73edd4000000 ---p 00000000 00:00 0 
73edd7000000-73edd7020000 rw-p 00000000 00:00 0 
73edd7020000-73eddb000000 ---p 00000000 00:00 0 
73eddb000000-73eddb454000 rw-p 00001000 00:29 3954208                    /usr/lib/jvm/java-17-openjdk-amd64/lib/server/classes.jsa
73eddb454000-73eddbbc7000 rw-p 00455000 00:29 3954208                    /usr/lib/jvm/java-17-openjdk-amd64/lib/server/classes.jsa
73eddbbc7000-73eddc040000 ---p 00000000 00:00 0 
73eddc040000-73eddc050000 rw-p 00000000 00:00 0 
73eddc050000-73ee1c000000 ---p 00000000 00:00 0 
73ee1c000000-73ee1c021000 rw-p 00000000 00:00 0 
73ee1c021000-73ee20000000 ---p 00000000 00:00 0 
73ee20000000-73ee20021000 rw-p 00000000 00:00 0 
73ee20021000-73ee24000000 ---p 00000000 00:00 0 
73ee24000000-73ee24021000 rw-p 00000000 00:00 0 
73ee24021000-73ee28000000 ---p 00000000 00:00 0 
73ee28000000-73ee28021000 rw-p 00000000 00:00 0 
73ee28021000-73ee2c000000 ---p 00000000 00:00 0 
73ee2c000000-73ee2c021000 rw-p 00000000 00:00 0 
73ee2c021000-73ee30000000 ---p 00000000 00:00 0 
73ee305ab000-73ee305af000 ---p 00000000 00:00 0 
73ee305af000-73ee306ab000 rw-p 00000000 00:00 0 
73ee306ab000-73ee306ac000 ---p 00000000 00:00 0 
73ee306ac000-73ee307ac000 rw-p 00000000 00:00 0 
73ee307ac000-73ee307b0000 ---p 00000000 00:00 0 
73ee307b0000-73ee308ac000 rw-p 00000000 00:00 0 
73ee308ac000-73ee308b0000 ---p 00000000 00:00 0 
73ee308b0000-73ee309ac000 rw-p 00000000 00:00 0 
73ee309ac000-73ee309b0000 ---p 00000000 00:00 0 
73ee309b0000-73ee30aac000 rw-p 00000000 00:00 0 
73ee30aac000-73ee30ab0000 ---p 00000000 00:00 0 
73ee30ab0000-73ee30bac000 rw-p 00000000 00:00 0 
73ee30bac000-73ee30bb0000 ---p 00000000 00:00 0 
73ee30bb0000-73ee30cac000 rw-p 00000000 00:00 0 
73ee30cac000-73ee30cb0000 ---p 00000000 00:00 0 
73ee30cb0000-73ee30dac000 rw-p 00000000 00:00 0 
73ee30dac000-73ee30db0000 ---p 00000000 00:00 0 
73ee30db0000-73ee30eac000 rw-p 00000000 00:00 0 
73ee30eac000-73ee30eb0000 ---p 00000000 00:00 0 
73ee30eb0000-73ee30fac000 rw-p 00000000 00:00 0 
73ee30fac000-73ee30fb0000 ---p 00000000 00:00 0 
73ee30fb0000-73ee310ac000 rw-p 00000000 00:00 0 
73ee310ac000-73ee310ad000 ---p 00000000 00:00 0 
73ee310ad000-73ee311ad000 rw-p 00000000 00:00 0 
73ee311ad000-73ee311b2000 r--p 00000000 00:29 3954183                    /usr/lib/jvm/java-17-openjdk-amd64/lib/libjsvml.so
73ee311b2000-73ee311f3000 r-xp 00005000 00:29 3954183                    /usr/lib/jvm/java-17-openjdk-amd64/lib/libjsvml.so
73ee311f3000-73ee3127c000 r--p 00046000 00:29 3954183                    /usr/lib/jvm/java-17-openjdk-amd64/lib/libjsvml.so
73ee3127c000-73ee3127d000 r--p 000ce000 00:29 3954183                    /usr/lib/jvm/java-17-openjdk-amd64/lib/libjsvml.so
73ee3127d000-73ee3127e000 rw-p 000cf000 00:29 3954183                    /usr/lib/jvm/java-17-openjdk-amd64/lib/libjsvml.so
73ee3127e000-73ee312ff000 rw-p 00000000 00:00 0 
73ee312ff000-73ee31300000 ---p 00000000 00:00 0 
73ee31300000-73ee31400000 rw-p 00000000 00:00 0 
73ee31400000-73ee33400000 rw-p 00000000 00:00 0 
73ee33418000-73ee3346f000 r--p 00000000 00:29 3932728                    /usr/lib/locale/C.utf8/LC_CTYPE
73ee3346f000-73ee33470000 ---p 00000000 00:00 0 
73ee33470000-73ee33570000 rw-p 00000000 00:00 0 
73ee33570000-73ee33668000 rw-p 00000000 00:00 0 
73ee33668000-73ee344b0000 ---p 00000000 00:00 0 
73ee344b0000-73ee345b0000 rw-p 00000000 00:00 0 
73ee345b0000-73ee353f8000 ---p 00000000 00:00 0 
73ee353f8000-73ee35400000 rw-p 00000000 00:00 0 
73ee35400000-73ee35670000 rwxp 00000000 00:00 0 
73ee35670000-73ee3c938000 ---p 00000000 00:00 0 
73ee3c938000-73ee3cba8000 rwxp 00000000 00:00 0 
73ee3cba8000-73ee3cec7000 ---p 00000000 00:00 0 
73ee3cec7000-73ee3d137000 rwxp 00000000 00:00 0 
73ee3d137000-73ee44400000 ---p 00000000 00:00 0 
73ee44408000-73ee4440a000 r--p 00000000 00:29 3954198                    /usr/lib/jvm/java-17-openjdk-amd64/lib/libzip.so
73ee4440a000-73ee4440f000 r-xp 00002000 00:29 3954198                    /usr/lib/jvm/java-17-openjdk-amd64/lib/libzip.so
73ee4440f000-73ee44411000 r--p 00007000 00:29 3954198                    /usr/lib/jvm/java-17-openjdk-amd64/lib/libzip.so
73ee44411000-73ee44412000 r--p 00008000 00:29 3954198                    /usr/lib/jvm/java-17-openjdk-amd64/lib/libzip.so
73ee44412000-73ee44413000 rw-p 00009000 00:29 3954198                    /usr/lib/jvm/java-17-openjdk-amd64/lib/libzip.so
73ee44413000-73ee44514000 rw-p 00000000 00:00 0 
73ee44514000-73ee4c000000 r--s 00000000 00:29 3954199                    /usr/lib/jvm/java-17-openjdk-amd64/lib/modules
73ee4c000000-73ee4c118000 rw-p 00000000 00:00 0 
73ee4c118000-73ee50000000 ---p 00000000 00:00 0 
73ee50005000-73ee500a1000 rw-p 00000000 00:00 0 
73ee500a2000-73ee500a6000 r--p 00000000 00:29 3954189                    /usr/lib/jvm/java-17-openjdk-amd64/lib/libnet.so
73ee500a6000-73ee500b4000 r-xp 00004000 00:29 3954189                    /usr/lib/jvm/java-17-openjdk-amd64/lib/libnet.so
73ee500b4000-73ee500b8000 r--p 00012000 00:29 3954189                    /usr/lib/jvm/java-17-openjdk-amd64/lib/libnet.so
73ee500b8000-73ee500b9000 r--p 00015000 00:29 3954189                    /usr/lib/jvm/java-17-openjdk-amd64/lib/libnet.so
73ee500b9000-73ee500ba000 rw-p 00016000 00:29 3954189                    /usr/lib/jvm/java-17-openjdk-amd64/lib/libnet.so
73ee500ba000-73ee500c1000 r--p 00000000 00:29 3954190                    /usr/lib/jvm/java-17-openjdk-amd64/lib/libnio.so
73ee500c1000-73ee500ca000 r-xp 00007000 00:29 3954190                    /usr/lib/jvm/java-17-openjdk-amd64/lib/libnio.so
73ee500ca000-73ee500ce000 r--p 00010000 00:29 3954190                    /usr/lib/jvm/java-17-openjdk-amd64/lib/libnio.so
73ee500ce000-73ee500cf000 ---p 00014000 00:29 3954190                    /usr/lib/jvm/java-17-openjdk-amd64/lib/libnio.so
73ee500cf000-73ee500d0000 r--p 00014000 00:29 3954190                    /usr/lib/jvm/java-17-openjdk-amd64/lib/libnio.so
73ee500d0000-73ee500d1000 rw-p 00015000 00:29 3954190                    /usr/lib/jvm/java-17-openjdk-amd64/lib/libnio.so
73ee500d1000-73ee500d8000 r--s 00000000 00:29 3933116                    /usr/lib/x86_64-linux-gnu/gconv/gconv-modules.cache
73ee500d8000-73ee501d9000 rw-p 00000000 00:00 0 
73ee501d9000-73ee501da000 ---p 00000000 00:00 0 
73ee501da000-73ee502da000 rw-p 00000000 00:00 0 
73ee502da000-73ee502db000 ---p 00000000 00:00 0 
73ee502db000-73ee503db000 rw-p 00000000 00:00 0 
73ee503db000-73ee503dc000 ---p 00000000 00:00 0 
73ee503dc000-73ee504dc000 rw-p 00000000 00:00 0 
73ee504dc000-73ee5051c000 rw-p 00000000 00:00 0 
73ee5051c000-73ee506e5000 ---p 00000000 00:00 0 
73ee506e5000-73ee50705000 rw-p 00000000 00:00 0 
73ee50705000-73ee508ce000 ---p 00000000 00:00 0 
73ee508ce000-73ee508ee000 rw-p 00000000 00:00 0 
73ee508ee000-73ee50ab7000 ---p 00000000 00:00 0 
73ee50ab7000-73ee50cbf000 rw-p 00000000 00:00 0 
73ee50cbf000-73ee50da5000 ---p 00000000 00:00 0 
73ee50da5000-73ee50daa000 rw-p 00000000 00:00 0 
73ee50daa000-73ee50e90000 ---p 00000000 00:00 0 
73ee50e90000-73ee50e95000 rw-p 00000000 00:00 0 
73ee50e95000-73ee50e9c000 ---p 00000000 00:00 0 
73ee50e9c000-73ee50ea8000 r--p 00000000 00:29 3954175                    /usr/lib/jvm/java-17-openjdk-amd64/lib/libjava.so
73ee50ea8000-73ee50ebb000 r-xp 0000c000 00:29 3954175                    /usr/lib/jvm/java-17-openjdk-amd64/lib/libjava.so
73ee50ebb000-73ee50ec1000 r--p 0001f000 00:29 3954175                    /usr/lib/jvm/java-17-openjdk-amd64/lib/libjava.so
73ee50ec1000-73ee50ec2000 r--p 00024000 00:29 3954175                    /usr/lib/jvm/java-17-openjdk-amd64/lib/libjava.so
73ee50ec2000-73ee50ec3000 rw-p 00025000 00:29 3954175                    /usr/lib/jvm/java-17-openjdk-amd64/lib/libjava.so
73ee50ec3000-73ee50ec4000 rw-p 00000000 00:00 0 
73ee50ec4000-73ee50ecc000 rw-s 00000000 00:29 3946883                    /tmp/hsperfdata_root/5370
73ee50ecc000-73ee50ece000 r--p 00000000 00:29 3954179                    /usr/lib/jvm/java-17-openjdk-amd64/lib/libjimage.so
73ee50ece000-73ee50ed1000 r-xp 00002000 00:29 3954179                    /usr/lib/jvm/java-17-openjdk-amd64/lib/libjimage.so
73ee50ed1000-73ee50ed2000 r--p 00005000 00:29 3954179                    /usr/lib/jvm/java-17-openjdk-amd64/lib/libjimage.so
73ee50ed2000-73ee50ed3000 ---p 00006000 00:29 3954179                    /usr/lib/jvm/java-17-openjdk-amd64/lib/libjimage.so
73ee50ed3000-73ee50ed4000 r--p 00006000 00:29 3954179                    /usr/lib/jvm/java-17-openjdk-amd64/lib/libjimage.so
73ee50ed4000-73ee50ed5000 rw-p 00007000 00:29 3954179                    /usr/lib/jvm/java-17-openjdk-amd64/lib/libjimage.so
73ee50ed5000-73ee50ed9000 ---p 00000000 00:00 0 
73ee50ed9000-73ee50fd5000 rw-p 00000000 00:00 0 
73ee50fd5000-73ee50fd8000 r--p 00000000 00:29 3933173                    /usr/lib/x86_64-linux-gnu/libgcc_s.so.1
73ee50fd8000-73ee50fef000 r-xp 00003000 00:29 3933173                    /usr/lib/x86_64-linux-gnu/libgcc_s.so.1
73ee50fef000-73ee50ff3000 r--p 0001a000 00:29 3933173                    /usr/lib/x86_64-linux-gnu/libgcc_s.so.1
73ee50ff3000-73ee50ff4000 r--p 0001d000 00:29 3933173                    /usr/lib/x86_64-linux-gnu/libgcc_s.so.1
73ee50ff4000-73ee50ff5000 rw-p 0001e000 00:29 3933173                    /usr/lib/x86_64-linux-gnu/libgcc_s.so.1
73ee50ff5000-73ee51003000 r--p 00000000 00:29 3933200                    /usr/lib/x86_64-linux-gnu/libm.so.6
73ee51003000-73ee5107f000 r-xp 0000e000 00:29 3933200                    /usr/lib/x86_64-linux-gnu/libm.so.6
73ee5107f000-73ee510da000 r--p 0008a000 00:29 3933200                    /usr/lib/x86_64-linux-gnu/libm.so.6
73ee510da000-73ee510db000 r--p 000e4000 00:29 3933200                    /usr/lib/x86_64-linux-gnu/libm.so.6
73ee510db000-73ee510dc000 rw-p 000e5000 00:29 3933200                    /usr/lib/x86_64-linux-gnu/libm.so.6
73ee510dc000-73ee51176000 r--p 00000000 00:29 3933257                    /usr/lib/x86_64-linux-gnu/libstdc++.so.6.0.30
73ee51176000-73ee51287000 r-xp 0009a000 00:29 3933257                    /usr/lib/x86_64-linux-gnu/libstdc++.so.6.0.30
73ee51287000-73ee512f6000 r--p 001ab000 00:29 3933257                    /usr/lib/x86_64-linux-gnu/libstdc++.so.6.0.30
73ee512f6000-73ee512f7000 ---p 0021a000 00:29 3933257                    /usr/lib/x86_64-linux-gnu/libstdc++.so.6.0.30
73ee512f7000-73ee51302000 r--p 0021a000 00:29 3933257                    /usr/lib/x86_64-linux-gnu/libstdc++.so.6.0.30
73ee51302000-73ee51305000 rw-p 00225000 00:29 3933257                    /usr/lib/x86_64-linux-gnu/libstdc++.so.6.0.30
73ee51305000-73ee51308000 rw-p 00000000 00:00 0 
73ee51308000-73ee51559000 r--p 00000000 00:29 3954211                    /usr/lib/jvm/java-17-openjdk-amd64/lib/server/libjvm.so
73ee51559000-73ee522cd000 r-xp 00251000 00:29 3954211                    /usr/lib/jvm/java-17-openjdk-amd64/lib/server/libjvm.so
73ee522cd000-73ee52550000 r--p 00fc5000 00:29 3954211                    /usr/lib/jvm/java-17-openjdk-amd64/lib/server/libjvm.so
73ee52550000-73ee52551000 ---p 01248000 00:29 3954211                    /usr/lib/jvm/java-17-openjdk-amd64/lib/server/libjvm.so
73ee52551000-73ee52609000 r--p 01248000 00:29 3954211                    /usr/lib/jvm/java-17-openjdk-amd64/lib/server/libjvm.so
73ee52609000-73ee5263e000 rw-p 01300000 00:29 3954211                    /usr/lib/jvm/java-17-openjdk-amd64/lib/server/libjvm.so
73ee5263e000-73ee5269b000 rw-p 00000000 00:00 0 
73ee5269b000-73ee526c3000 r--p 00000000 00:29 3933148                    /usr/lib/x86_64-linux-gnu/libc.so.6
73ee526c3000-73ee52858000 r-xp 00028000 00:29 3933148                    /usr/lib/x86_64-linux-gnu/libc.so.6
73ee52858000-73ee528b0000 r--p 001bd000 00:29 3933148                    /usr/lib/x86_64-linux-gnu/libc.so.6
73ee528b0000-73ee528b1000 ---p 00215000 00:29 3933148                    /usr/lib/x86_64-linux-gnu/libc.so.6
73ee528b1000-73ee528b5000 r--p 00215000 00:29 3933148                    /usr/lib/x86_64-linux-gnu/libc.so.6
73ee528b5000-73ee528b7000 rw-p 00219000 00:29 3933148                    /usr/lib/x86_64-linux-gnu/libc.so.6
73ee528b7000-73ee528c4000 rw-p 00000000 00:00 0 
73ee528c4000-73ee528c6000 r--p 00000000 00:29 3954180                    /usr/lib/jvm/java-17-openjdk-amd64/lib/libjli.so
73ee528c6000-73ee528d0000 r-xp 00002000 00:29 3954180                    /usr/lib/jvm/java-17-openjdk-amd64/lib/libjli.so
73ee528d0000-73ee528d3000 r--p 0000c000 00:29 3954180                    /usr/lib/jvm/java-17-openjdk-amd64/lib/libjli.so
73ee528d3000-73ee528d4000 r--p 0000e000 00:29 3954180                    /usr/lib/jvm/java-17-openjdk-amd64/lib/libjli.so
73ee528d4000-73ee528d5000 rw-p 0000f000 00:29 3954180                    /usr/lib/jvm/java-17-openjdk-amd64/lib/libjli.so
73ee528d5000-73ee528d7000 r--p 00000000 00:29 3933279                    /usr/lib/x86_64-linux-gnu/libz.so.1.2.11
73ee528d7000-73ee528e8000 r-xp 00002000 00:29 3933279                    /usr/lib/x86_64-linux-gnu/libz.so.1.2.11
73ee528e8000-73ee528ee000 r--p 00013000 00:29 3933279                    /usr/lib/x86_64-linux-gnu/libz.so.1.2.11
73ee528ee000-73ee528ef000 ---p 00019000 00:29 3933279                    /usr/lib/x86_64-linux-gnu/libz.so.1.2.11
73ee528ef000-73ee528f0000 r--p 00019000 00:29 3933279                    /usr/lib/x86_64-linux-gnu/libz.so.1.2.11
73ee528f0000-73ee528f1000 rw-p 0001a000 00:29 3933279                    /usr/lib/x86_64-linux-gnu/libz.so.1.2.11
73ee528f3000-73ee528f4000 ---p 00000000 00:00 0 
73ee528f4000-73ee528f5000 r--p 00000000 00:00 0 
73ee528f5000-73ee528f7000 rw-p 00000000 00:00 0 
73ee528f7000-73ee528f9000 r--p 00000000 00:29 3933130                    /usr/lib/x86_64-linux-gnu/ld-linux-x86-64.so.2
73ee528f9000-73ee52923000 r-xp 00002000 00:29 3933130                    /usr/lib/x86_64-linux-gnu/ld-linux-x86-64.so.2
73ee52923000-73ee5292e000 r--p 0002c000 00:29 3933130                    /usr/lib/x86_64-linux-gnu/ld-linux-x86-64.so.2
73ee5292e000-73ee5292f000 ---p 00000000 00:00 0 
73ee5292f000-73ee52931000 r--p 00037000 00:29 3933130                    /usr/lib/x86_64-linux-gnu/ld-linux-x86-64.so.2
73ee52931000-73ee52933000 rw-p 00039000 00:29 3933130                    /usr/lib/x86_64-linux-gnu/ld-linux-x86-64.so.2
7ffcc7afd000-7ffcc7b1e000 rw-p 00000000 00:00 0                          [stack]
7ffcc7b95000-7ffcc7b99000 r--p 00000000 00:00 0                          [vvar]
7ffcc7b99000-7ffcc7b9b000 r-xp 00000000 00:00 0                          [vdso]
ffffffffff600000-ffffffffff601000 --xp 00000000 00:00 0                  [vsyscall]


VM Arguments:
jvm_args: -Djava.library.path=/sqlsolver/lib 
java_command: /sqlsolver/build/libs/sqlsolver-v1.1.0.jar -sql1=/tmp/snowprove-sqlsolver-c1ee0toc/sql1.sql -sql2=/tmp/snowprove-sqlsolver-c1ee0toc/sql2.sql -schema=/tmp/snowprove-sqlsolver-c1ee0toc/schema.sql -print
java_class_path (initial): /sqlsolver/build/libs/sqlsolver-v1.1.0.jar
Launcher Type: SUN_STANDARD

[Global flags]
     intx CICompilerCount                          = 2                                         {product} {ergonomic}
     uint ConcGCThreads                            = 1                                         {product} {ergonomic}
     uint G1ConcRefinementThreads                  = 2                                         {product} {ergonomic}
   size_t G1HeapRegionSize                         = 1048576                                   {product} {ergonomic}
    uintx GCDrainStackTargetSize                   = 64                                        {product} {ergonomic}
   size_t InitialHeapSize                          = 65011712                                  {product} {ergonomic}
   size_t MarkStackSize                            = 4194304                                   {product} {ergonomic}
   size_t MaxHeapSize                              = 1025507328                                {product} {ergonomic}
   size_t MaxNewSize                               = 614465536                                 {product} {ergonomic}
   size_t MinHeapDeltaBytes                        = 1048576                                   {product} {ergonomic}
   size_t MinHeapSize                              = 8388608                                   {product} {ergonomic}
    uintx NonNMethodCodeHeapSize                   = 5826188                                {pd product} {ergonomic}
    uintx NonProfiledCodeHeapSize                  = 122916026                              {pd product} {ergonomic}
    uintx ProfiledCodeHeapSize                     = 122916026                              {pd product} {ergonomic}
    uintx ReservedCodeCacheSize                    = 251658240                              {pd product} {ergonomic}
     bool SegmentedCodeCache                       = true                                      {product} {ergonomic}
   size_t SoftMaxHeapSize                          = 1025507328                             {manageable} {ergonomic}
     bool UseCompressedClassPointers               = true                           {product lp64_product} {ergonomic}
     bool UseCompressedOops                        = true                           {product lp64_product} {ergonomic}
     bool UseG1GC                                  = true                                      {product} {ergonomic}

Logging:
Log output configuration:
 #0: stdout all=warning uptime,level,tags
 #1: stderr all=off uptime,level,tags

Environment Variables:
PATH=/tmp/snowprove-venv/bin:/root/.local/bin:/usr/local/sbin:/usr/local/bin:/usr/sbin:/usr/bin:/sbin:/bin
LD_LIBRARY_PATH=/sqlsolver/lib
LC_CTYPE=C.UTF-8

Active Locale:
LC_ALL=LC_CTYPE=C.UTF-8;LC_NUMERIC=C;LC_TIME=C;LC_COLLATE=C;LC_MONETARY=C;LC_MESSAGES=C;LC_PAPER=C;LC_NAME=C;LC_ADDRESS=C;LC_TELEPHONE=C;LC_MEASUREMENT=C;LC_IDENTIFICATION=C
LC_COLLATE=C
LC_CTYPE=C.UTF-8
LC_MESSAGES=C
LC_MONETARY=C
LC_NUMERIC=C
LC_TIME=C

Signal Handlers:
   SIGSEGV: crash_handler in libjvm.so, mask=11100100010111111101111111111110, flags=SA_RESTART|SA_SIGINFO, unblocked
    SIGBUS: crash_handler in libjvm.so, mask=11100100010111111101111111111110, flags=SA_RESTART|SA_SIGINFO, unblocked
    SIGFPE: crash_handler in libjvm.so, mask=11100100010111111101111111111110, flags=SA_RESTART|SA_SIGINFO, unblocked
   SIGPIPE: javaSignalHandler in libjvm.so, mask=11100100010111111101111111111110, flags=SA_RESTART|SA_SIGINFO, blocked
   SIGXFSZ: javaSignalHandler in libjvm.so, mask=11100100010111111101111111111110, flags=SA_RESTART|SA_SIGINFO, blocked
    SIGILL: crash_handler in libjvm.so, mask=11100100010111111101111111111110, flags=SA_RESTART|SA_SIGINFO, unblocked
   SIGUSR2: SR_handler in libjvm.so, mask=00000000000000000000000000000000, flags=SA_RESTART|SA_SIGINFO, blocked
    SIGHUP: UserHandler in libjvm.so, mask=11100100010111111101111111111110, flags=SA_RESTART|SA_SIGINFO, blocked
    SIGINT: UserHandler in libjvm.so, mask=11100100010111111101111111111110, flags=SA_RESTART|SA_SIGINFO, blocked
   SIGTERM: UserHandler in libjvm.so, mask=11100100010111111101111111111110, flags=SA_RESTART|SA_SIGINFO, blocked
   SIGQUIT: UserHandler in libjvm.so, mask=11100100010111111101111111111110, flags=SA_RESTART|SA_SIGINFO, blocked
   SIGTRAP: crash_handler in libjvm.so, mask=11100100010111111101111111111110, flags=SA_RESTART|SA_SIGINFO, unblocked


Periodic native trim disabled


---------------  S Y S T E M  ---------------

OS:
DISTRIB_ID=Ubuntu
DISTRIB_RELEASE=22.04
DISTRIB_CODENAME=jammy
DISTRIB_DESCRIPTION="Ubuntu 22.04.5 LTS"
uname: Linux 6.8.0-117-generic #117-Ubuntu SMP PREEMPT_DYNAMIC Tue May  5 19:26:24 UTC 2026 x86_64
OS uptime: 0 days 2:28 hours
libc: glibc 2.35 NPTL 2.35 
rlimit (soft/hard): STACK 8192k/infinity , CORE infinity/infinity , NPROC infinity/infinity , NOFILE 524288/524288 , AS infinity/infinity , CPU infinity/infinity , DATA infinity/infinity , FSIZE infinity/infinity , MEMLOCK 8192k/8192k
load average: 2.29 2.14 2.15

/proc/meminfo:
MemTotal:        4004372 kB
MemFree:         2572160 kB
MemAvailable:    3422732 kB
Buffers:           45548 kB
Cached:          1001300 kB
SwapCached:            0 kB
Active:           692272 kB
Inactive:         528756 kB
Active(anon):     189616 kB
Inactive(anon):        0 kB
Active(file):     502656 kB
Inactive(file):   528756 kB
Unevictable:       14600 kB
Mlocked:               0 kB
SwapTotal:             0 kB
SwapFree:              0 kB
Zswap:                 0 kB
Zswapped:              0 kB
Dirty:               104 kB
Writeback:             0 kB
AnonPages:        188812 kB
Mapped:           216304 kB
Shmem:               852 kB
KReclaimable:      55992 kB
Slab:              98964 kB
SReclaimable:      55992 kB
SUnreclaim:        42972 kB
KernelStack:        2688 kB
PageTables:         3252 kB
SecPageTables:         0 kB
NFS_Unstable:          0 kB
Bounce:                0 kB
WritebackTmp:          0 kB
CommitLimit:     2002184 kB
Committed_AS:     815216 kB
VmallocTotal:   13743895347199 kB
VmallocUsed:       13376 kB
VmallocChunk:          0 kB
Percpu:             1040 kB
HardwareCorrupted:     0 kB
AnonHugePages:         0 kB
ShmemHugePages:        0 kB
ShmemPmdMapped:        0 kB
FileHugePages:         0 kB
FilePmdMapped:         0 kB
Unaccepted:            0 kB
HugePages_Total:       0
HugePages_Free:        0
HugePages_Rsvd:        0
HugePages_Surp:        0
Hugepagesize:       2048 kB
Hugetlb:               0 kB
DirectMap4k:       83596 kB
DirectMap2M:     4106240 kB

/sys/kernel/mm/transparent_hugepage/enabled: always [madvise] never
/sys/kernel/mm/transparent_hugepage/hpage_pmd_size: 2097152
/sys/kernel/mm/transparent_hugepage/defrag (defrag/compaction efforts parameter): always defer defer+madvise [madvise] never

Process Memory:
Virtual Size: 3614424K (peak: 3614424K)
Resident Set Size: 46976K (peak: 46976K) (anon: 25712K, file: 21264K, shmem: 0K)
Swapped out: 0K
C-Heap outstanding allocations: 11847K, retained: 1852K
glibc malloc tunables: (default)

/proc/sys/kernel/threads-max (system-wide limit on the number of threads): 31100
/proc/sys/vm/max_map_count (maximum number of memory map areas a process may have): 1048576
/proc/sys/vm/swappiness (control to define how aggressively the kernel swaps out anonymous memory): 60
/proc/sys/kernel/pid_max (system-wide limit on number of process identifiers): 4194304

container (cgroup) information:
container_type: cgroupv2
cpu_cpuset_cpus: not supported
cpu_memory_nodes: not supported
active_processor_count: 2
cpu_quota: no quota
cpu_period: 100000
cpu_shares: no shares
memory_limit_in_bytes: unlimited
memory_and_swap_limit_in_bytes: unlimited
memory_soft_limit_in_bytes: 0
memory_usage_in_bytes: 512060 k
memory_max_usage_in_bytes: not supported
rss_usage_in_bytes: 101428 k
cache_usage_in_bytes: 370380 k
memory_swap_current_in_bytes: 0
memory_swap_max_limit_in_bytes: unlimited
maximum number of tasks: unlimited
current number of tasks: 25

Steal ticks since vm start: 0
Steal ticks percentage since vm start:  0.000

CPU: total 2 (initial active 2) (2 cores per cpu, 1 threads per core) family 6 model 6 stepping 3 microcode 0x1000065, cx8, cmov, fxsr, mmx, 3dnowpref, sse, sse2, sse3, ssse3, sse4a, sse4.1, sse4.2, popcnt, lzcnt, tsc, avx, avx2, aes, erms, clmul, bmi1, bmi2, adx, sha, fma, vzeroupper, clflush, clflushopt, hv
CPU Model and flags from /proc/cpuinfo:
model name	: QEMU TCG CPU version 2.5+
flags		: fpu de pse tsc msr pae mce cx8 apic sep mtrr pge mca cmov pat pse36 clflush acpi mmx fxsr sse sse2 ss ht syscall nx mmxext rdtscp lm 3dnowext 3dnow nopl cpuid pni pclmulqdq monitor ssse3 fma cx16 sse4_1 sse4_2 x2apic movbe popcnt aes xsave avx f16c rdrand hypervisor lahf_lm cmp_legacy svm cr8_legacy abm sse4a 3dnowprefetch vmmcall fsgsbase bmi1 avx2 smep bmi2 erms mpx rdseed adx smap clflushopt clwb sha_ni xsaveopt xgetbv1 xsaveerptr wbnoinvd arat npt vgif umip pku ospke vaes la57 rdpid fsrm

Online cpus: 0-1
Offline cpus: 
BIOS frequency limitation: <Not Available>
Frequency switch latency (ns): <Not Available>
Available cpu frequencies: <Not Available>
Current governor: <Not Available>
Core performance/turbo boost: <Not Available>

Memory: 4k page, physical 4004372k(2572160k free), swap 0k(0k free)
Page Sizes: 4k

vm_info: OpenJDK 64-Bit Server VM (17.0.19+10-1-22.04.2-Ubuntu) for linux-amd64 JRE (17.0.19+10-1-22.04.2-Ubuntu), built on Apr 26 2026 12:32:24 by "buildd" with gcc 11.4.0

END.
